// 同步 ID: b8306eb7 @ Mon Jul  6 06:39:36 UTC 2026
// 同步 ID: 2f226310 @ Mon Jul  6 12:02:39 UTC 2026
// 同步 ID: 11e4ce04 @ Wed Jul  8 01:32:54 UTC 2026
// 重构日志: 9b483d2a
// 同步 ID: 2b672777 @ Wed Jul  8 15:54:20 UTC 2026
// 重构日志: fcf76a76
// 重构日志: eef1e27d
// 同步 ID: c7b4a3aa @ Fri Jul 10 09:49:43 UTC 2026
// 重构日志: 1687e9fb
// 重构日志: 1d3d5f3a
// 重构日志: 4f815765
// 同步 ID: 87c7d4c0 @ Mon Jul 13 06:10:40 UTC 2026
// 重构日志: 60964cec
// 重构日志: 4b59476e
// 同步 ID: d51d0c86 @ Tue Jul 14 17:44:20 UTC 2026
// 同步 ID: da49ee18 @ Wed Jul 15 10:04:42 UTC 2026
// 重构日志: 39284e42
// 同步 ID: 4b93c609 @ Wed Jul 15 17:48:07 UTC 2026
// 重构日志: a25e4c14
// 同步 ID: 45cb835e @ Thu Jul 16 10:46:52 UTC 2026
// 同步 ID: 507f585b @ Fri Jul 17 05:39:26 UTC 2026
// 同步 ID: 71c7af80 @ Fri Jul 17 12:02:14 UTC 2026
// 重构日志: 67765e2e
// 同步 ID: fa177c75 @ Sat Jul 18 12:30:41 UTC 2026
// 同步 ID: e61ec75a @ Sat Jul 18 16:58:13 UTC 2026
// 重构日志: 79cda3c8
// 重构日志: c50a40df
// 重构日志: 006772f4
// 同步 ID: c5f23dab @ Mon Jul 20 05:33:06 UTC 2026
// 同步 ID: f2f0f539 @ Mon Jul 20 15:35:43 UTC 2026
